[0.108s] Invoking command in '/home/garabetov/turtlebot3/src/nav2_custom_controller/build/nav2_custom_controller': CMAKE_PREFIX_PATH=${CMAKE_PREFIX_PATH}:/home/garabetov/turtlebot3/install/turtlebot3_teleop:/home/garabetov/turtlebot3/install/turtlebot3_example:/opt/ros/humble /usr/bin/cmake --build /home/garabetov/turtlebot3/src/nav2_custom_controller/build/nav2_custom_controller -- -j4 -l4
[0.176s] [35m[1mConsolidate compiler generated dependencies of target nav2_custom_controller[0m
[0.208s] [ 50%] [32mBuilding CXX object CMakeFiles/nav2_custom_controller.dir/src/custom_controller.cpp.o[0m
[4.982s] [01m[K/home/garabetov/turtlebot3/src/nav2_custom_controller/src/custom_controller.cpp:[m[K In member function â€˜[01m[Kvirtual geometry_msgs::msg::TwistStamped nav2_custom_controller::CustomController::computeVelocityCommands(const PoseStamped&, const Twist&, nav2_core::GoalChecker*)[m[Kâ€™:
[4.982s] [01m[K/home/garabetov/turtlebot3/src/nav2_custom_controller/src/custom_controller.cpp:228:38:[m[K [01;31m[Kerror: [m[Kexpected â€˜[01m[K;[m[Kâ€™ before â€˜[01m[Kreturn[m[Kâ€™
[4.982s]   228 |         cmd_vel.twist.angular.z = 0.0
[4.982s]       |                                      [01;31m[K^[m[K
[4.983s]       |                                      [32m[K;[m[K
[4.983s]   229 | 
[4.983s]   230 |         [32m[Kreturn[m[K cmd_vel;
[4.983s]       |         [32m[K~~~~~~[m[K                        
[4.983s] [01m[K/home/garabetov/turtlebot3/src/nav2_custom_controller/src/custom_controller.cpp:232:1:[m[K [01;31m[Kerror: [m[Kno return statement in function returning non-void [[01;31m[K]8;;https://gcc.gnu.org/onlinedocs/gcc/Warning-Options.html#index-Wreturn-type-Werror=return-type]8;;[m[K]
[4.983s]   232 | [01;31m[K}[m[K
[4.984s]       | [01;31m[K^[m[K
[7.605s] cc1plus: all warnings being treated as errors
[7.637s] gmake[2]: *** [CMakeFiles/nav2_custom_controller.dir/build.make:76: CMakeFiles/nav2_custom_controller.dir/src/custom_controller.cpp.o] Error 1
[7.637s] gmake[1]: *** [CMakeFiles/Makefile2:137: CMakeFiles/nav2_custom_controller.dir/all] Error 2
[7.637s] gmake: *** [Makefile:146: all] Error 2
[7.640s] Invoked command in '/home/garabetov/turtlebot3/src/nav2_custom_controller/build/nav2_custom_controller' returned '2': CMAKE_PREFIX_PATH=${CMAKE_PREFIX_PATH}:/home/garabetov/turtlebot3/install/turtlebot3_teleop:/home/garabetov/turtlebot3/install/turtlebot3_example:/opt/ros/humble /usr/bin/cmake --build /home/garabetov/turtlebot3/src/nav2_custom_controller/build/nav2_custom_controller -- -j4 -l4
