[35m[1mConsolidate compiler generated dependencies of target nav2_custom_controller[0m
[ 50%] [32mBuilding CXX object CMakeFiles/nav2_custom_controller.dir/src/custom_controller.cpp.o[0m
[01m[K/home/garabetov/turtlebot3/src/nav2_custom_controller/src/custom_controller.cpp:[m[K In member function â€˜[01m[Kvirtual geometry_msgs::msg::TwistStamped nav2_custom_controller::CustomController::computeVelocityCommands(const PoseStamped&, const Twist&, nav2_core::GoalChecker*)[m[Kâ€™:
[01m[K/home/garabetov/turtlebot3/src/nav2_custom_controller/src/custom_controller.cpp:228:38:[m[K [01;31m[Kerror: [m[Kexpected â€˜[01m[K;[m[Kâ€™ before â€˜[01m[Kreturn[m[Kâ€™
  228 |         cmd_vel.twist.angular.z = 0.0
      |                                      [01;31m[K^[m[K
      |                                      [32m[K;[m[K
  229 | 
  230 |         [32m[Kreturn[m[K cmd_vel;
      |         [32m[K~~~~~~[m[K                        
[01m[K/home/garabetov/turtlebot3/src/nav2_custom_controller/src/custom_controller.cpp:232:1:[m[K [01;31m[Kerror: [m[Kno return statement in function returning non-void [[01;31m[K]8;;https://gcc.gnu.org/onlinedocs/gcc/Warning-Options.html#index-Wreturn-type-Werror=return-type]8;;[m[K]
  232 | [01;31m[K}[m[K
      | [01;31m[K^[m[K
cc1plus: all warnings being treated as errors
gmake[2]: *** [CMakeFiles/nav2_custom_controller.dir/build.make:76: CMakeFiles/nav2_custom_controller.dir/src/custom_controller.cpp.o] Error 1
gmake[1]: *** [CMakeFiles/Makefile2:137: CMakeFiles/nav2_custom_controller.dir/all] Error 2
gmake: *** [Makefile:146: all] Error 2
